<?xml version="1.0" encoding="UTF-8"?>
<testsuite xmlns:xsi="http://www.w3.org/2001/XMLSchema-instance" xsi:noNamespaceSchemaLocation="https://maven.apache.org/surefire/maven-surefire-plugin/xsd/surefire-test-report.xsd" name="fi.tuni.prog3.sisu.sisuTests" time="19.966" tests="11" errors="0" skipped="0" failures="0">
  <properties>
    <property name="java.specification.version" value="18"/>
    <property name="sun.cpu.isalist" value="amd64"/>
    <property name="sun.jnu.encoding" value="Cp1252"/>
    <property name="java.class.path" value="E:\Opintoja\Kurssit\LK2022_2023\Ohjelmointi3\group_template_project\Sisu\target\test-classes;C:\Users\tatu2\.m2\repository\org\openjfx\javafx-controls\19\javafx-controls-19.jar;C:\Users\tatu2\.m2\repository\org\openjfx\javafx-graphics\19\javafx-graphics-19.jar;C:\Users\tatu2\.m2\repository\org\openjfx\javafx-base\19\javafx-base-19.jar;C:\Users\tatu2\.m2\repository\org\junit\jupiter\junit-jupiter-api\5.6.0\junit-jupiter-api-5.6.0.jar;C:\Users\tatu2\.m2\repository\org\apiguardian\apiguardian-api\1.1.0\apiguardian-api-1.1.0.jar;C:\Users\tatu2\.m2\repository\org\opentest4j\opentest4j\1.2.0\opentest4j-1.2.0.jar;C:\Users\tatu2\.m2\repository\org\junit\platform\junit-platform-commons\1.6.0\junit-platform-commons-1.6.0.jar;C:\Users\tatu2\.m2\repository\org\junit\jupiter\junit-jupiter-params\5.6.0\junit-jupiter-params-5.6.0.jar;C:\Users\tatu2\.m2\repository\org\junit\jupiter\junit-jupiter-engine\5.6.0\junit-jupiter-engine-5.6.0.jar;C:\Users\tatu2\.m2\repository\org\junit\platform\junit-platform-engine\1.6.0\junit-platform-engine-1.6.0.jar;"/>
    <property name="java.vm.vendor" value="Oracle Corporation"/>
    <property name="sun.arch.data.model" value="64"/>
    <property name="user.variant" value=""/>
    <property name="java.vendor.url" value="https://java.oracle.com/"/>
    <property name="user.timezone" value="Europe/Helsinki"/>
    <property name="user.country.format" value="FI"/>
    <property name="os.name" value="Windows 10"/>
    <property name="java.vm.specification.version" value="18"/>
    <property name="user.country" value="US"/>
    <property name="sun.java.launcher" value="SUN_STANDARD"/>
    <property name="sun.boot.library.path" value="C:\Program Files\Java\jdk-18.0.2.1\bin"/>
    <property name="sun.java.command" value="org.apache.maven.surefire.booter.ForkedBooter C:\Users\tatu2\AppData\Local\Temp\surefire7606067363400060316 2022-12-09T08-42-39_287-jvmRun1 surefire12596027929040281839tmp surefire_017906736804825299811tmp"/>
    <property name="jdk.debug" value="release"/>
    <property name="surefire.test.class.path" value="E:\Opintoja\Kurssit\LK2022_2023\Ohjelmointi3\group_template_project\Sisu\target\test-classes;C:\Users\tatu2\.m2\repository\org\openjfx\javafx-controls\19\javafx-controls-19.jar;C:\Users\tatu2\.m2\repository\org\openjfx\javafx-graphics\19\javafx-graphics-19.jar;C:\Users\tatu2\.m2\repository\org\openjfx\javafx-base\19\javafx-base-19.jar;C:\Users\tatu2\.m2\repository\org\junit\jupiter\junit-jupiter-api\5.6.0\junit-jupiter-api-5.6.0.jar;C:\Users\tatu2\.m2\repository\org\apiguardian\apiguardian-api\1.1.0\apiguardian-api-1.1.0.jar;C:\Users\tatu2\.m2\repository\org\opentest4j\opentest4j\1.2.0\opentest4j-1.2.0.jar;C:\Users\tatu2\.m2\repository\org\junit\platform\junit-platform-commons\1.6.0\junit-platform-commons-1.6.0.jar;C:\Users\tatu2\.m2\repository\org\junit\jupiter\junit-jupiter-params\5.6.0\junit-jupiter-params-5.6.0.jar;C:\Users\tatu2\.m2\repository\org\junit\jupiter\junit-jupiter-engine\5.6.0\junit-jupiter-engine-5.6.0.jar;C:\Users\tatu2\.m2\repository\org\junit\platform\junit-platform-engine\1.6.0\junit-platform-engine-1.6.0.jar;"/>
    <property name="sun.cpu.endian" value="little"/>
    <property name="user.home" value="C:\Users\tatu2"/>
    <property name="user.language" value="en"/>
    <property name="java.specification.vendor" value="Oracle Corporation"/>
    <property name="jdk.module.path" value="E:\Opintoja\Kurssit\LK2022_2023\Ohjelmointi3\group_template_project\Sisu\target\classes;C:\Users\tatu2\.m2\repository\org\openjfx\javafx-controls\19\javafx-controls-19-win.jar;C:\Users\tatu2\.m2\repository\org\openjfx\javafx-graphics\19\javafx-graphics-19-win.jar;C:\Users\tatu2\.m2\repository\org\openjfx\javafx-base\19\javafx-base-19-win.jar;C:\Users\tatu2\.m2\repository\com\google\code\gson\gson\2.9.1\gson-2.9.1.jar"/>
    <property name="java.version.date" value="2022-08-18"/>
    <property name="java.home" value="C:\Program Files\Java\jdk-18.0.2.1"/>
    <property name="file.separator" value="\"/>
    <property name="basedir" value="E:\Opintoja\Kurssit\LK2022_2023\Ohjelmointi3\group_template_project\Sisu"/>
    <property name="java.vm.compressedOopsMode" value="Zero based"/>
    <property name="line.separator" value="&#10;"/>
    <property name="java.vm.specification.vendor" value="Oracle Corporation"/>
    <property name="java.specification.name" value="Java Platform API Specification"/>
    <property name="surefire.real.class.path" value="C:\Users\tatu2\.m2\repository\org\apache\maven\surefire\surefire-booter\2.22.2\surefire-booter-2.22.2.jar;C:\Users\tatu2\.m2\repository\org\apache\maven\surefire\surefire-api\2.22.2\surefire-api-2.22.2.jar;C:\Users\tatu2\.m2\repository\org\apache\maven\surefire\surefire-logger-api\2.22.2\surefire-logger-api-2.22.2.jar;E:\Opintoja\Kurssit\LK2022_2023\Ohjelmointi3\group_template_project\Sisu\target\test-classes;C:\Users\tatu2\.m2\repository\org\openjfx\javafx-controls\19\javafx-controls-19.jar;C:\Users\tatu2\.m2\repository\org\openjfx\javafx-graphics\19\javafx-graphics-19.jar;C:\Users\tatu2\.m2\repository\org\openjfx\javafx-base\19\javafx-base-19.jar;C:\Users\tatu2\.m2\repository\org\junit\jupiter\junit-jupiter-api\5.6.0\junit-jupiter-api-5.6.0.jar;C:\Users\tatu2\.m2\repository\org\apiguardian\apiguardian-api\1.1.0\apiguardian-api-1.1.0.jar;C:\Users\tatu2\.m2\repository\org\opentest4j\opentest4j\1.2.0\opentest4j-1.2.0.jar;C:\Users\tatu2\.m2\repository\org\junit\platform\junit-platform-commons\1.6.0\junit-platform-commons-1.6.0.jar;C:\Users\tatu2\.m2\repository\org\junit\jupiter\junit-jupiter-params\5.6.0\junit-jupiter-params-5.6.0.jar;C:\Users\tatu2\.m2\repository\org\junit\jupiter\junit-jupiter-engine\5.6.0\junit-jupiter-engine-5.6.0.jar;C:\Users\tatu2\.m2\repository\org\junit\platform\junit-platform-engine\1.6.0\junit-platform-engine-1.6.0.jar;C:\Users\tatu2\.m2\repository\org\apache\maven\surefire\surefire-junit-platform\2.22.2\surefire-junit-platform-2.22.2.jar;C:\Users\tatu2\.m2\repository\org\junit\platform\junit-platform-launcher\1.3.1\junit-platform-launcher-1.3.1.jar"/>
    <property name="user.script" value=""/>
    <property name="sun.management.compiler" value="HotSpot 64-Bit Tiered Compilers"/>
    <property name="java.runtime.version" value="18.0.2.1+1-1"/>
    <property name="user.name" value="tatu2"/>
    <property name="path.separator" value=";"/>
    <property name="os.version" value="10.0"/>
    <property name="java.runtime.name" value="Java(TM) SE Runtime Environment"/>
    <property name="file.encoding" value="UTF-8"/>
    <property name="java.vm.name" value="Java HotSpot(TM) 64-Bit Server VM"/>
    <property name="maven.ext.class.path" value="E:\NetBeans\NetBeans-12.5\netbeans\java\maven-nblib\netbeans-eventspy.jar"/>
    <property name="localRepository" value="C:\Users\tatu2\.m2\repository"/>
    <property name="java.vendor.url.bug" value="https://bugreport.java.com/bugreport/"/>
    <property name="java.io.tmpdir" value="C:\Users\tatu2\AppData\Local\Temp\"/>
    <property name="java.version" value="18.0.2.1"/>
    <property name="user.dir" value="E:\Opintoja\Kurssit\LK2022_2023\Ohjelmointi3\group_template_project\Sisu"/>
    <property name="os.arch" value="amd64"/>
    <property name="java.vm.specification.name" value="Java Virtual Machine Specification"/>
    <property name="user.language.format" value="fi"/>
    <property name="sun.os.patch.level" value=""/>
    <property name="native.encoding" value="Cp1252"/>
    <property name="java.library.path" value="C:\Program Files\Java\jdk-18.0.2.1\bin;C:\WINDOWS\Sun\Java\bin;C:\WINDOWS\system32;C:\WINDOWS;C:\Program Files\Common Files\Oracle\Java\javapath;C:\Program Files (x86)\Embarcadero\Studio\21.0\bin;C:\Users\Public\Documents\Embarcadero\Studio\21.0\Bpl;C:\Program Files (x86)\Embarcadero\Studio\21.0\bin64;C:\Users\Public\Documents\Embarcadero\Studio\21.0\Bpl\Win64;E:\msys32\mingw64\bin;c:\program files (x86)\common files\oracle\java\javapath;c:\programdata\oracle\java\javapath;e:\Python394\scripts;c:\program files (x86)\ati technologies\ati.ace\core-static;c:\programdata\oracle\java\javapath;c:\program files (x86)\common files\microsoft shared\windows live;c:\windows\system32;c:\windows;c:\windows\system32\wbem;c:\windows\system32\windowspowershell\v1.0;e:\program files (x86)\python27\ipython-0.13\;c:\program files\nvidia corporation\nvidia nvdlisr;c:\windows\system32;c:\windows;c:\windows\system32\wbem;c:\windows\system32\windowspowershell\v1.0\;c:\windows\system32\openssh\;C:\Program Files (x86)\NVIDIA Corporation\PhysX\Common;e:\Python394;C:\Program Files\MATLAB\R2021a\bin;C:\Program Files\PuTTY\;E:\Windows_Software_Develelopment_Kit\Windows Performance Toolkit\;E:\Git\cmd;E:\msys32\mingw64\bin;E:\Python394\Scripts\;E:\Python394\;C:\Users\tatu2\AppData\Local\Microsoft\WindowsApps;%PyCharm Community Edition%;E:\PyCharm 2021.2.3\bin;C:\Users\tatu2\AppData\Roaming\TinyTeX\bin\win32;C:\Users\tatu2\AppData\Local\JetBrains\Toolbox\scripts;E:\Program Files (x86)\CLion 2022.2.3\bin;;;."/>
    <property name="java.vm.info" value="mixed mode"/>
    <property name="java.vendor" value="Oracle Corporation"/>
    <property name="java.vm.version" value="18.0.2.1+1-1"/>
    <property name="sun.io.unicode.encoding" value="UnicodeLittle"/>
    <property name="java.class.version" value="62.0"/>
  </properties>
  <testcase name="testGetCourseMinCredits" classname="fi.tuni.prog3.sisu.sisuTests" time="5.411"/>
  <testcase name="testDegreeIDNull" classname="fi.tuni.prog3.sisu.sisuTests" time="0.021"/>
  <testcase name="testDegreeNoType" classname="fi.tuni.prog3.sisu.sisuTests" time="0.081"/>
  <testcase name="testGetDegreeNameUnknownLanguage" classname="fi.tuni.prog3.sisu.sisuTests" time="0.097"/>
  <testcase name="testGetCourseCode" classname="fi.tuni.prog3.sisu.sisuTests" time="4.442"/>
  <testcase name="testGetCourseName" classname="fi.tuni.prog3.sisu.sisuTests" time="4.388"/>
  <testcase name="testDegreeWrongType" classname="fi.tuni.prog3.sisu.sisuTests" time="0.016"/>
  <testcase name="testGetDegreeMinCredits" classname="fi.tuni.prog3.sisu.sisuTests" time="4.313"/>
  <testcase name="testFindID" classname="fi.tuni.prog3.sisu.sisuTests" time="0.058"/>
  <testcase name="testGetDegreeName" classname="fi.tuni.prog3.sisu.sisuTests" time="1.071"/>
  <testcase name="testNotFindID" classname="fi.tuni.prog3.sisu.sisuTests" time="0.055"/>
</testsuite>